#
# There is insufficient memory for the Java Runtime Environment to continue.
# Native memory allocation (mmap) failed to map 134217728 bytes for G1 virtual space
# Possible reasons:
#   The system is out of physical RAM or swap space
#   The process is running with CompressedOops enabled, and the Java Heap may be blocking the growth of the native heap
# Possible solutions:
#   Reduce memory load on the system
#   Increase physical memory or swap space
#   Check if swap backing store is full
#   Decrease Java heap size (-Xmx/-Xms)
#   Decrease number of Java threads
#   Decrease Java thread stack sizes (-Xss)
#   Set larger code cache with -XX:ReservedCodeCacheSize=
#   JVM is running with Unscaled Compressed Oops mode in which the Java heap is
#     placed in the first 4GB address space. The Java Heap base address is the
#     maximum limit for the native heap growth. Please use -XX:HeapBaseMinAddress
#     to set the Java Heap base and to place the Java Heap above 4GB virtual address.
# This output file may be truncated or incomplete.
#
#  Out of Memory Error (os_windows.cpp:3559), pid=10068, tid=5848
#
# JRE version:  (17.0.7+7) (build )
# Java VM: OpenJDK 64-Bit Server VM (17.0.7+7-LTS, mixed mode, sharing, tiered, compressed oops, compressed class ptrs, g1 gc, windows-amd64)
# No core dump will be written. Minidumps are not enabled by default on client versions of Windows
#

---------------  S U M M A R Y ------------

Command Line: -agentlib:jdwp=transport=dt_socket,address=127.0.0.1:54410,suspend=y,server=n -javaagent:C:\Users\fic\AppData\Local\JetBrains\IdeaIC2023.1\captureAgent\debugger-agent.jar=file:/C:/Users/fic/AppData/Local/Temp/capture.props -Dfile.encoding=UTF-8 MainKt

Host: Intel(R) Core(TM) i5-4590 CPU @ 3.30GHz, 4 cores, 7G,  Windows 10 , 64 bit Build 19041 (10.0.19041.2913)
Time: Sat May 13 14:39:10 2023 Hora oficial do Brasil elapsed time: 0.211569 seconds (0d 0h 0m 0s)

---------------  T H R E A D  ---------------

Current thread (0x0000023759bc4960):  JavaThread "Unknown thread" [_thread_in_vm, id=5848, stack(0x000000b52ac00000,0x000000b52ad00000)]

Stack: [0x000000b52ac00000,0x000000b52ad00000]
Native frames: (J=compiled Java code, j=interpreted, Vv=VM code, C=native code)
V  [jvm.dll+0x64b53a]
V  [jvm.dll+0x7fef54]
V  [jvm.dll+0x80070e]
V  [jvm.dll+0x800d63]
V  [jvm.dll+0x236a2b]
V  [jvm.dll+0x64843a]
V  [jvm.dll+0x63ce8a]
V  [jvm.dll+0x2f5629]
V  [jvm.dll+0x2fc826]
V  [jvm.dll+0x348eea]
V  [jvm.dll+0x34912f]
V  [jvm.dll+0x2cb9a8]
V  [jvm.dll+0x2cc939]
V  [jvm.dll+0x7d2cd1]
V  [jvm.dll+0x3563c1]
V  [jvm.dll+0x7b32ae]
V  [jvm.dll+0x3d38d3]
V  [jvm.dll+0x3d52c1]
C  [jli.dll+0x51bf]
C  [ucrtbase.dll+0x21bb2]
C  [KERNEL32.DLL+0x17614]
C  [ntdll.dll+0x526a1]


---------------  P R O C E S S  ---------------

Threads class SMR info:
_java_thread_list=0x00007ff9988fc858, length=0, elements={
}

Java Threads: ( => current thread )

Other Threads:
  0x0000023759c20400 GCTaskThread "GC Thread#0" [stack: 0x000000b52ad00000,0x000000b52ae00000] [id=3372]
  0x0000023759c310c0 ConcurrentGCThread "G1 Main Marker" [stack: 0x000000b52ae00000,0x000000b52af00000] [id=2272]
  0x0000023759c31ad0 ConcurrentGCThread "G1 Conc#0" [stack: 0x000000b52af00000,0x000000b52b000000] [id=9280]

[error occurred during error reporting (printing all threads), id 0xc0000005, EXCEPTION_ACCESS_VIOLATION (0xc0000005) at pc=0x00007ff9980ecc47]

VM state: not at safepoint (not fully initialized)

VM Mutex/Monitor currently owned by a thread:  ([mutex/lock_event])
[0x0000023759bc1ad0] Heap_lock - owner thread: 0x0000023759bc4960

Heap address: 0x0000000081400000, size: 2028 MB, Compressed Oops mode: 32-bit

CDS archive(s) mapped at: [0x0000000000000000-0x0000000000000000-0x0000000000000000), size 0, SharedBaseAddress: 0x0000000800000000, ArchiveRelocationMode: 0.
Narrow klass base: 0x0000000000000000, Narrow klass shift: 0, Narrow klass range: 0x0

GC Precious Log:
<Empty>

Heap:
 garbage-first heap   total 0K, used 0K [0x0000000081400000, 0x0000000100000000)
  region size 1024K, 0 young (0K), 0 survivors (0K)

[error occurred during error reporting (printing heap information), id 0xc0000005, EXCEPTION_ACCESS_VIOLATION (0xc0000005) at pc=0x00007ff9984b3419]

GC Heap History (0 events):
No events

Dll operation events (2 events):
Event: 0.207 Loaded shared library C:\Users\fic\.jdks\corretto-17.0.7\bin\java.dll
Event: 0.208 Loaded shared library C:\Users\fic\.jdks\corretto-17.0.7\bin\zip.dll

Deoptimization events (0 events):
No events

Classes unloaded (0 events):
No events

Classes redefined (0 events):
No events

Internal exceptions (0 events):
No events

VM Operations (0 events):
No events

Events (0 events):
No events


Dynamic libraries:
0x00007ff6fda80000 - 0x00007ff6fda8d000 	C:\Users\fic\.jdks\corretto-17.0.7\bin\java.exe
0x00007ff9b3b10000 - 0x00007ff9b3d08000 	C:\Windows\SYSTEM32\ntdll.dll
0x00007ff9b2430000 - 0x00007ff9b24ef000 	C:\Windows\System32\KERNEL32.DLL
0x00007ff9b1290000 - 0x00007ff9b1586000 	C:\Windows\System32\KERNELBASE.dll
0x00007ff9b17b0000 - 0x00007ff9b18b0000 	C:\Windows\System32\ucrtbase.dll
0x00007ff998ad0000 - 0x00007ff998ae5000 	C:\Users\fic\.jdks\corretto-17.0.7\bin\VCRUNTIME140.dll
0x00007ff998af0000 - 0x00007ff998b07000 	C:\Users\fic\.jdks\corretto-17.0.7\bin\jli.dll
0x00007ff9a8020000 - 0x00007ff9a82ba000 	C:\Windows\WinSxS\amd64_microsoft.windows.common-controls_6595b64144ccf1df_6.0.19041.1110_none_60b5254171f9507e\COMCTL32.dll
0x00007ff9b3110000 - 0x00007ff9b32ad000 	C:\Windows\System32\USER32.dll
0x00007ff9b1ab0000 - 0x00007ff9b1ad2000 	C:\Windows\System32\win32u.dll
0x00007ff9b1c90000 - 0x00007ff9b1d2e000 	C:\Windows\System32\msvcrt.dll
0x00007ff9b2c10000 - 0x00007ff9b2c3c000 	C:\Windows\System32\GDI32.dll
0x00007ff9b18b0000 - 0x00007ff9b19c5000 	C:\Windows\System32\gdi32full.dll
0x00007ff9b11f0000 - 0x00007ff9b128d000 	C:\Windows\System32\msvcp_win.dll
0x00007ff9b2520000 - 0x00007ff9b2550000 	C:\Windows\System32\IMM32.DLL
0x00007ff998a30000 - 0x00007ff998acb000 	C:\Users\fic\.jdks\corretto-17.0.7\bin\msvcp140.dll
0x00007ff997e10000 - 0x00007ff998a2a000 	C:\Users\fic\.jdks\corretto-17.0.7\bin\server\jvm.dll
0x00007ff9b2270000 - 0x00007ff9b231f000 	C:\Windows\System32\ADVAPI32.dll
0x00007ff9b20f0000 - 0x00007ff9b218c000 	C:\Windows\System32\sechost.dll
0x00007ff9b2ae0000 - 0x00007ff9b2c06000 	C:\Windows\System32\RPCRT4.dll
0x00007ff9a3680000 - 0x00007ff9a36a7000 	C:\Windows\SYSTEM32\WINMM.dll
0x00007ff9aa620000 - 0x00007ff9aa62a000 	C:\Windows\SYSTEM32\VERSION.dll
0x00007ff9a27f0000 - 0x00007ff9a27f9000 	C:\Windows\SYSTEM32\WSOCK32.dll
0x00007ff9b25e0000 - 0x00007ff9b264b000 	C:\Windows\System32\WS2_32.dll
0x00007ff9af040000 - 0x00007ff9af052000 	C:\Windows\SYSTEM32\kernel.appcore.dll
0x00007ff9ab110000 - 0x00007ff9ab11a000 	C:\Users\fic\.jdks\corretto-17.0.7\bin\jimage.dll
0x00007ff9aa140000 - 0x00007ff9aa324000 	C:\Windows\SYSTEM32\DBGHELP.DLL
0x00007ff9aa100000 - 0x00007ff9aa134000 	C:\Windows\SYSTEM32\dbgcore.DLL
0x00007ff9b1ae0000 - 0x00007ff9b1b62000 	C:\Windows\System32\bcryptPrimitives.dll
0x00007ff9a7cb0000 - 0x00007ff9a7ce9000 	C:\Users\fic\.jdks\corretto-17.0.7\bin\jdwp.dll
0x00007ff9abb20000 - 0x00007ff9abb2e000 	C:\Users\fic\.jdks\corretto-17.0.7\bin\instrument.dll
0x00007ff997de0000 - 0x00007ff997e05000 	C:\Users\fic\.jdks\corretto-17.0.7\bin\java.dll
0x00007ff997ca0000 - 0x00007ff997cb8000 	C:\Users\fic\.jdks\corretto-17.0.7\bin\zip.dll

dbghelp: loaded successfully - version: 4.0.5 - missing functions: none
symbol engine: initialized successfully - sym options: 0x614 - pdb path: .;C:\Users\fic\.jdks\corretto-17.0.7\bin;C:\Windows\SYSTEM32;C:\Windows\WinSxS\amd64_microsoft.windows.common-controls_6595b64144ccf1df_6.0.19041.1110_none_60b5254171f9507e;C:\Users\fic\.jdks\corretto-17.0.7\bin\server

VM Arguments:
jvm_args: -agentlib:jdwp=transport=dt_socket,address=127.0.0.1:54410,suspend=y,server=n -javaagent:C:\Users\fic\AppData\Local\JetBrains\IdeaIC2023.1\captureAgent\debugger-agent.jar=file:/C:/Users/fic/AppData/Local/Temp/capture.props -Dfile.encoding=UTF-8 
java_command: MainKt
java_class_path (initial): C:\Users\fic\IdeaProjects\Teste1\build\classes\kotlin\main;C:\Users\fic\.gradle\caches\modules-2\files-2.1\org.jetbrains.kotlin\kotlin-stdlib-jdk8\1.8.20\73576ddf378c5b4f1f6b449fe6b119b8183fc078\kotlin-stdlib-jdk8-1.8.20.jar;C:\Users\fic\.gradle\caches\modules-2\files-2.1\org.jetbrains.kotlin\kotlin-stdlib-jdk7\1.8.20\3aa51faf20aae8b31e1a4bc54f8370673d7b7df4\kotlin-stdlib-jdk7-1.8.20.jar;C:\Users\fic\.gradle\caches\modules-2\files-2.1\org.jetbrains.kotlin\kotlin-stdlib\1.8.20\e72fc5e03ec6c064c678a6bd0d955c88d55b0c4a\kotlin-stdlib-1.8.20.jar;C:\Users\fic\.gradle\caches\modules-2\files-2.1\org.jetbrains.kotlin\kotlin-stdlib-common\1.8.20\5eddaaf234c8c49d03eebeb6a14feb7f90faca71\kotlin-stdlib-common-1.8.20.jar;C:\Users\fic\.gradle\caches\modules-2\files-2.1\org.jetbrains\annotations\13.0\919f0dfe192fb4e063e7dacadee7f8bb9a2672a9\annotations-13.0.jar;C:\Users\fic\AppData\Local\JetBrains\IntelliJ IDEA Community Edition 2023.1.1\lib\idea_rt.jar
Launcher Type: SUN_STANDARD

[Global flags]
     intx CICompilerCount                          = 3                                         {product} {ergonomic}
     uint ConcGCThreads                            = 1                                         {product} {ergonomic}
     uint G1ConcRefinementThreads                  = 4                                         {product} {ergonomic}
   size_t G1HeapRegionSize                         = 1048576                                   {product} {ergonomic}
    uintx GCDrainStackTargetSize                   = 64                                        {product} {ergonomic}
   size_t InitialHeapSize                          = 134217728                                 {product} {ergonomic}
   size_t MarkStackSize                            = 4194304                                   {product} {ergonomic}
   size_t MaxHeapSize                              = 2126512128                                {product} {ergonomic}
   size_t MinHeapDeltaBytes                        = 1048576                                   {product} {ergonomic}
   size_t MinHeapSize                              = 8388608                                   {product} {ergonomic}
    uintx NonNMethodCodeHeapSize                   = 5832780                                {pd product} {ergonomic}
    uintx NonProfiledCodeHeapSize                  = 122912730                              {pd product} {ergonomic}
    uintx ProfiledCodeHeapSize                     = 122912730                              {pd product} {ergonomic}
    uintx ReservedCodeCacheSize                    = 251658240                              {pd product} {ergonomic}
     bool SegmentedCodeCache                       = true                                      {product} {ergonomic}
   size_t SoftMaxHeapSize                          = 2126512128                             {manageable} {ergonomic}
     bool UseCompressedClassPointers               = true                           {product lp64_product} {ergonomic}
     bool UseCompressedOops                        = true                           {product lp64_product} {ergonomic}
     bool UseG1GC                                  = true                                      {product} {ergonomic}
     bool UseLargePagesIndividualAllocation        = false                                  {pd product} {ergonomic}

Logging:
Log output configuration:
 #0: stdout all=warning uptime,level,tags
 #1: stderr all=off uptime,level,tags

Environment Variables:
PATH=C:\Windows\system32;C:\Windows;C:\Windows\System32\Wbem;C:\Windows\System32\WindowsPowerShell\v1.0\;C:\Windows\System32\OpenSSH\;C:\Program Files\Microsoft VS Code\bin;C:\Program Files\Git\cmd;C:\Users\fic\AppData\Local\Microsoft\WindowsApps;;C:\Users\fic\AppData\Local\JetBrains\IntelliJ IDEA Community Edition 2023.1.1\bin;
USERNAME=fic
OS=Windows_NT
PROCESSOR_IDENTIFIER=Intel64 Family 6 Model 60 Stepping 3, GenuineIntel
TMP=C:\Users\fic\AppData\Local\Temp
TEMP=C:\Users\fic\AppData\Local\Temp



---------------  S Y S T E M  ---------------

OS:
 Windows 10 , 64 bit Build 19041 (10.0.19041.2913)
OS uptime: 0 days 2:20 hours

CPU: total 4 (initial active 4) (4 cores per cpu, 1 threads per core) family 6 model 60 stepping 3 microcode 0x27, cx8, cmov, fxsr, mmx, sse, sse2, sse3, ssse3, sse4.1, sse4.2, popcnt, lzcnt, tsc, tscinvbit, avx, avx2, aes, erms, clmul, bmi1, bmi2, fma, vzeroupper, clflush

Memory: 4k page, system-wide physical 8110M (948M free)
TotalPageFile size 8110M (AvailPageFile size 113M)
current process WorkingSet (physical memory assigned to process): 10M, peak: 10M
current process commit charge ("private bytes"): 52M, peak: 180M

vm_info: OpenJDK 64-Bit Server VM (17.0.7+7-LTS) for windows-amd64 JRE (17.0.7+7-LTS), built on Apr 14 2023 01:39:21 by "Administrator" with MS VC++ 15.9 (VS2017)

END.
